2023-07-20 16:42:52.044  INFO 12608 --- [restartedMain] com.ssafy.bium.BiumApplication           : Starting BiumApplication using Java 11.0.15 on DESKTOP-1JVI7QI with PID 12608 (C:\SSAFY\workspace\bium\build\classes\java\main started by SSAFY in C:\SSAFY\workspace\bium)
2023-07-20 16:42:52.044  INFO 12608 --- [restartedMain] com.ssafy.bium.BiumApplication           : No active profile set, falling back to 1 default profile: "default"
2023-07-20 16:42:52.075  INFO 12608 --- [restartedMain] .e.DevToolsPropertyDefaultsPostProcessor : Devtools property defaults active! Set 'spring.devtools.add-properties' to 'false' to disable
2023-07-20 16:42:52.095  INFO 12608 --- [restartedMain] .e.DevToolsPropertyDefaultsPostProcessor : For additional web related logging consider setting the 'logging.level.web' property to 'DEBUG'
2023-07-20 16:42:52.523  INFO 12608 --- [restartedMain] .s.d.r.c.RepositoryConfigurationDelegate : Bootstrapping Spring Data JPA repositories in DEFAULT mode.
2023-07-20 16:42:52.523  INFO 12608 --- [restartedMain] .s.d.r.c.RepositoryConfigurationDelegate : Finished Spring Data repository scanning in 3 ms. Found 0 JPA repository interfaces.
2023-07-20 16:42:52.883  INFO 12608 --- [restartedMain] o.s.b.w.embedded.tomcat.TomcatWebServer  : Tomcat initialized with port(s): 8080 (http)
2023-07-20 16:42:52.888  INFO 12608 --- [restartedMain] o.apache.catalina.core.StandardService   : Starting service [Tomcat]
2023-07-20 16:42:52.888  INFO 12608 --- [restartedMain] org.apache.catalina.core.StandardEngine  : Starting Servlet engine: [Apache Tomcat/9.0.76]
2023-07-20 16:42:52.945  INFO 12608 --- [restartedMain] o.a.c.c.C.[Tomcat].[localhost].[/]       : Initializing Spring embedded WebApplicationContext
2023-07-20 16:42:52.945  INFO 12608 --- [restartedMain] w.s.c.ServletWebServerApplicationContext : Root WebApplicationContext: initialization completed in 850 ms
2023-07-20 16:42:53.061  INFO 12608 --- [restartedMain] o.hibernate.jpa.internal.util.LogHelper  : HHH000204: Processing PersistenceUnitInfo [name: default]
2023-07-20 16:42:53.092  INFO 12608 --- [restartedMain] org.hibernate.Version                    : HHH000412: Hibernate ORM core version 5.6.15.Final
2023-07-20 16:42:53.177  INFO 12608 --- [restartedMain] o.hibernate.annotations.common.Version   : HCANN000001: Hibernate Commons Annotations {5.1.2.Final}
2023-07-20 16:42:53.245  INFO 12608 --- [restartedMain] com.zaxxer.hikari.HikariDataSource       : HikariPool-1 - Starting...
2023-07-20 16:42:53.408  INFO 12608 --- [restartedMain] com.zaxxer.hikari.HikariDataSource       : HikariPool-1 - Start completed.
2023-07-20 16:42:53.424  INFO 12608 --- [restartedMain] org.hibernate.dialect.Dialect            : HHH000400: Using dialect: org.hibernate.dialect.MySQL57Dialect
2023-07-20 16:42:53.596  INFO 12608 --- [restartedMain] o.h.e.t.j.p.i.JtaPlatformInitiator       : HHH000490: Using JtaPlatform implementation: [org.hibernate.engine.transaction.jta.platform.internal.NoJtaPlatform]
2023-07-20 16:42:53.596  INFO 12608 --- [restartedMain] j.LocalContainerEntityManagerFactoryBean : Initialized JPA EntityManagerFactory for persistence unit 'default'
2023-07-20 16:42:53.628  WARN 12608 --- [restartedMain] JpaBaseConfiguration$JpaWebConfiguration : spring.jpa.open-in-view is enabled by default. Therefore, database queries may be performed during view rendering. Explicitly configure spring.jpa.open-in-view to disable this warning
2023-07-20 16:42:53.709 DEBUG 12608 --- [restartedMain] s.w.s.m.m.a.RequestMappingHandlerAdapter : ControllerAdvice beans: 0 @ModelAttribute, 0 @InitBinder, 1 RequestBodyAdvice, 1 ResponseBodyAdvice
2023-07-20 16:42:53.746 DEBUG 12608 --- [restartedMain] s.w.s.m.m.a.RequestMappingHandlerMapping : 2 mappings in 'requestMappingHandlerMapping'
2023-07-20 16:42:53.746 DEBUG 12608 --- [restartedMain] o.s.w.s.c.annotation.WebMvcConfigurer    : Default resource handling disabled
2023-07-20 16:42:53.762 DEBUG 12608 --- [restartedMain] .m.m.a.ExceptionHandlerExceptionResolver : ControllerAdvice beans: 0 @ExceptionHandler, 1 ResponseBodyAdvice
2023-07-20 16:42:53.824  WARN 12608 --- [restartedMain] .s.s.UserDetailsServiceAutoConfiguration : 

Using generated security password: 43aead9e-0fb5-4e42-83e6-14517a004975

This generated password is for development use only. Your security configuration must be updated before running your application in production.

2023-07-20 16:42:53.893  INFO 12608 --- [restartedMain] o.s.s.web.DefaultSecurityFilterChain     : Will secure any request with [org.springframework.security.web.session.DisableEncodeUrlFilter@644020ad, org.springframework.security.web.context.request.async.WebAsyncManagerIntegrationFilter@7c8d1c3f, org.springframework.security.web.context.SecurityContextPersistenceFilter@329d7fb, org.springframework.security.web.header.HeaderWriterFilter@46aee13d, org.springframework.security.web.csrf.CsrfFilter@58da37fe, org.springframework.security.web.authentication.logout.LogoutFilter@1ab948ee, org.springframework.security.web.authentication.UsernamePasswordAuthenticationFilter@3539cbb2, org.springframework.security.web.authentication.ui.DefaultLoginPageGeneratingFilter@3cc4bf83, org.springframework.security.web.authentication.ui.DefaultLogoutPageGeneratingFilter@2e30946e, org.springframework.security.web.authentication.www.BasicAuthenticationFilter@4dbdcf03, org.springframework.security.web.savedrequest.RequestCacheAwareFilter@42ca05ee, org.springframework.security.web.servletapi.SecurityContextHolderAwareRequestFilter@55fc0ce8, org.springframework.security.web.authentication.AnonymousAuthenticationFilter@6f4ddbc7, org.springframework.security.web.session.SessionManagementFilter@4c43c66e, org.springframework.security.web.access.ExceptionTranslationFilter@34bd8c6f, org.springframework.security.web.access.intercept.FilterSecurityInterceptor@1ee3245d]
2023-07-20 16:42:53.910  INFO 12608 --- [restartedMain] o.s.b.d.a.OptionalLiveReloadServer       : LiveReload server is running on port 35729
2023-07-20 16:42:53.942  INFO 12608 --- [restartedMain] o.s.b.w.embedded.tomcat.TomcatWebServer  : Tomcat started on port(s): 8080 (http) with context path ''
2023-07-20 16:42:53.947  INFO 12608 --- [restartedMain] com.ssafy.bium.BiumApplication           : Started BiumApplication in 2.183 seconds (JVM running for 2.752)
2023-07-20 17:01:29.853  INFO 5764 --- [restartedMain] com.ssafy.bium.BiumApplication           : Starting BiumApplication using Java 11.0.15 on DESKTOP-1JVI7QI with PID 5764 (C:\SSAFY\workspace\bium\build\classes\java\main started by SSAFY in C:\SSAFY\workspace\bium)
2023-07-20 17:01:29.853  INFO 5764 --- [restartedMain] com.ssafy.bium.BiumApplication           : No active profile set, falling back to 1 default profile: "default"
2023-07-20 17:01:29.900  INFO 5764 --- [restartedMain] .e.DevToolsPropertyDefaultsPostProcessor : Devtools property defaults active! Set 'spring.devtools.add-properties' to 'false' to disable
2023-07-20 17:01:29.900  INFO 5764 --- [restartedMain] .e.DevToolsPropertyDefaultsPostProcessor : For additional web related logging consider setting the 'logging.level.web' property to 'DEBUG'
2023-07-20 17:01:30.358  INFO 5764 --- [restartedMain] .s.d.r.c.RepositoryConfigurationDelegate : Bootstrapping Spring Data JPA repositories in DEFAULT mode.
2023-07-20 17:01:30.358  INFO 5764 --- [restartedMain] .s.d.r.c.RepositoryConfigurationDelegate : Finished Spring Data repository scanning in 3 ms. Found 0 JPA repository interfaces.
2023-07-20 17:01:30.744  INFO 5764 --- [restartedMain] o.s.b.w.embedded.tomcat.TomcatWebServer  : Tomcat initialized with port(s): 8080 (http)
2023-07-20 17:01:30.744  INFO 5764 --- [restartedMain] o.apache.catalina.core.StandardService   : Starting service [Tomcat]
2023-07-20 17:01:30.744  INFO 5764 --- [restartedMain] org.apache.catalina.core.StandardEngine  : Starting Servlet engine: [Apache Tomcat/9.0.76]
2023-07-20 17:01:30.793  INFO 5764 --- [restartedMain] o.a.c.c.C.[Tomcat].[localhost].[/]       : Initializing Spring embedded WebApplicationContext
2023-07-20 17:01:30.793  INFO 5764 --- [restartedMain] w.s.c.ServletWebServerApplicationContext : Root WebApplicationContext: initialization completed in 893 ms
2023-07-20 17:01:30.937  INFO 5764 --- [restartedMain] o.hibernate.jpa.internal.util.LogHelper  : HHH000204: Processing PersistenceUnitInfo [name: default]
2023-07-20 17:01:30.971  INFO 5764 --- [restartedMain] org.hibernate.Version                    : HHH000412: Hibernate ORM core version 5.6.15.Final
2023-07-20 17:01:31.058  INFO 5764 --- [restartedMain] o.hibernate.annotations.common.Version   : HCANN000001: Hibernate Commons Annotations {5.1.2.Final}
2023-07-20 17:01:31.127  INFO 5764 --- [restartedMain] com.zaxxer.hikari.HikariDataSource       : HikariPool-1 - Starting...
2023-07-20 17:01:31.291  INFO 5764 --- [restartedMain] com.zaxxer.hikari.HikariDataSource       : HikariPool-1 - Start completed.
2023-07-20 17:01:31.291  INFO 5764 --- [restartedMain] org.hibernate.dialect.Dialect            : HHH000400: Using dialect: org.hibernate.dialect.MySQL57Dialect
2023-07-20 17:01:31.435  INFO 5764 --- [restartedMain] o.h.e.t.j.p.i.JtaPlatformInitiator       : HHH000490: Using JtaPlatform implementation: [org.hibernate.engine.transaction.jta.platform.internal.NoJtaPlatform]
2023-07-20 17:01:31.443  INFO 5764 --- [restartedMain] j.LocalContainerEntityManagerFactoryBean : Initialized JPA EntityManagerFactory for persistence unit 'default'
2023-07-20 17:01:31.475  WARN 5764 --- [restartedMain] JpaBaseConfiguration$JpaWebConfiguration : spring.jpa.open-in-view is enabled by default. Therefore, database queries may be performed during view rendering. Explicitly configure spring.jpa.open-in-view to disable this warning
2023-07-20 17:01:31.559 DEBUG 5764 --- [restartedMain] s.w.s.m.m.a.RequestMappingHandlerAdapter : ControllerAdvice beans: 0 @ModelAttribute, 0 @InitBinder, 1 RequestBodyAdvice, 1 ResponseBodyAdvice
2023-07-20 17:01:31.608 DEBUG 5764 --- [restartedMain] s.w.s.m.m.a.RequestMappingHandlerMapping : 2 mappings in 'requestMappingHandlerMapping'
2023-07-20 17:01:31.623 DEBUG 5764 --- [restartedMain] o.s.w.s.c.annotation.WebMvcConfigurer    : Default resource handling disabled
2023-07-20 17:01:31.623 DEBUG 5764 --- [restartedMain] .m.m.a.ExceptionHandlerExceptionResolver : ControllerAdvice beans: 0 @ExceptionHandler, 1 ResponseBodyAdvice
2023-07-20 17:01:31.691  WARN 5764 --- [restartedMain] .s.s.UserDetailsServiceAutoConfiguration : 

Using generated security password: 9bf95eb6-27df-4aa3-b0c0-1d65c89bd531

This generated password is for development use only. Your security configuration must be updated before running your application in production.

2023-07-20 17:01:31.775  INFO 5764 --- [restartedMain] o.s.s.web.DefaultSecurityFilterChain     : Will secure any request with [org.springframework.security.web.session.DisableEncodeUrlFilter@19a666fd, org.springframework.security.web.context.request.async.WebAsyncManagerIntegrationFilter@33cdf426, org.springframework.security.web.context.SecurityContextPersistenceFilter@508a9066, org.springframework.security.web.header.HeaderWriterFilter@1e6345da, org.springframework.security.web.csrf.CsrfFilter@559abf0b, org.springframework.security.web.authentication.logout.LogoutFilter@3c6b3312, org.springframework.security.web.authentication.UsernamePasswordAuthenticationFilter@71e0069c, org.springframework.security.web.authentication.ui.DefaultLoginPageGeneratingFilter@3acf3776, org.springframework.security.web.authentication.ui.DefaultLogoutPageGeneratingFilter@2121ceb8, org.springframework.security.web.authentication.www.BasicAuthenticationFilter@5c895584, org.springframework.security.web.savedrequest.RequestCacheAwareFilter@7e5915b1, org.springframework.security.web.servletapi.SecurityContextHolderAwareRequestFilter@7c3f4533, org.springframework.security.web.authentication.AnonymousAuthenticationFilter@3f985242, org.springframework.security.web.session.SessionManagementFilter@27a83ca5, org.springframework.security.web.access.ExceptionTranslationFilter@386eb6ab, org.springframework.security.web.access.intercept.FilterSecurityInterceptor@2ce4277f]
2023-07-20 17:01:31.790  INFO 5764 --- [restartedMain] o.s.b.d.a.OptionalLiveReloadServer       : LiveReload server is running on port 35729
2023-07-20 17:01:31.822  INFO 5764 --- [restartedMain] o.s.b.w.embedded.tomcat.TomcatWebServer  : Tomcat started on port(s): 8080 (http) with context path ''
2023-07-20 17:01:31.822  INFO 5764 --- [restartedMain] com.ssafy.bium.BiumApplication           : Started BiumApplication in 2.243 seconds (JVM running for 2.85)
